Build started 04/02/2015 02:23:57.
     1>Project "C:\Google Drive\University\Year 2\SHOT\Semester 1\Assignment 1 - Snail Trail Game\Tweaked Versions\5005 SHOT The Snail Trail Assignment\5005 SHOT The Snail Trail Assignment.vcxproj" on node 2 (Build target(s)).
     1>ClCompile:
         C:\Program Files (x86)\Microsoft Visual Studio 12.0\VC\bin\CL.exe /c /Zi /nologo /W3 /WX- /O2 /Oi /Oy- /GL /D WIN32 /D NDEBUG /D _CONSOLE /D _UNICODE /D UNICODE /Gm- /EHsc /MD /GS /Gy /fp:precise /Zc:wchar_t /Zc:forScope /Fo"Release\\" /Fd"Release\vc120.pdb" /Gd /TP /analyze- /errorReport:prompt Version_2.2.cpp
         Version_2.2.cpp
     1>c:\google drive\university\year 2\shot\semester 1\assignment 1 - snail trail game\tweaked versions\5005 shot the snail trail assignment\TimeUtils.h(12): warning C4996: 'tzset': The POSIX name for this item is deprecated. Instead, use the ISO C++ conformant name: _tzset. See online help for details.
                 C:\Program Files (x86)\Microsoft Visual Studio 12.0\VC\include\time.h(297) : see declaration of 'tzset'
     1>c:\google drive\university\year 2\shot\semester 1\assignment 1 - snail trail game\tweaked versions\5005 shot the snail trail assignment\TimeUtils.h(16): warning C4996: 'localtime': This function or variable may be unsafe. Consider using localtime_s instead. To disable deprecation, use _CRT_SECURE_NO_WARNINGS. See online help for details.
                 C:\Program Files (x86)\Microsoft Visual Studio 12.0\VC\include\time.inl(112) : see declaration of 'localtime'
     1>c:\google drive\university\year 2\shot\semester 1\assignment 1 - snail trail game\tweaked versions\5005 shot the snail trail assignment\TimeUtils.h(26): warning C4996: 'itoa': The POSIX name for this item is deprecated. Instead, use the ISO C++ conformant name: _itoa. See online help for details.
                 C:\Program Files (x86)\Microsoft Visual Studio 12.0\VC\include\stdlib.h(937) : see declaration of 'itoa'
     1>c:\google drive\university\year 2\shot\semester 1\assignment 1 - snail trail game\tweaked versions\5005 shot the snail trail assignment\TimeUtils.h(27): warning C4996: 'itoa': The POSIX name for this item is deprecated. Instead, use the ISO C++ conformant name: _itoa. See online help for details.
                 C:\Program Files (x86)\Microsoft Visual Studio 12.0\VC\include\stdlib.h(937) : see declaration of 'itoa'
     1>c:\google drive\university\year 2\shot\semester 1\assignment 1 - snail trail game\tweaked versions\5005 shot the snail trail assignment\TimeUtils.h(28): warning C4996: 'itoa': The POSIX name for this item is deprecated. Instead, use the ISO C++ conformant name: _itoa. See online help for details.
                 C:\Program Files (x86)\Microsoft Visual Studio 12.0\VC\include\stdlib.h(937) : see declaration of 'itoa'
     1>c:\google drive\university\year 2\shot\semester 1\assignment 1 - snail trail game\tweaked versions\5005 shot the snail trail assignment\TimeUtils.h(56): warning C4996: 'localtime': This function or variable may be unsafe. Consider using localtime_s instead. To disable deprecation, use _CRT_SECURE_NO_WARNINGS. See online help for details.
                 C:\Program Files (x86)\Microsoft Visual Studio 12.0\VC\include\time.inl(112) : see declaration of 'localtime'
     1>c:\google drive\university\year 2\shot\semester 1\assignment 1 - snail trail game\tweaked versions\5005 shot the snail trail assignment\TimeUtils.h(66): warning C4996: 'itoa': The POSIX name for this item is deprecated. Instead, use the ISO C++ conformant name: _itoa. See online help for details.
                 C:\Program Files (x86)\Microsoft Visual Studio 12.0\VC\include\stdlib.h(937) : see declaration of 'itoa'
     1>c:\google drive\university\year 2\shot\semester 1\assignment 1 - snail trail game\tweaked versions\5005 shot the snail trail assignment\TimeUtils.h(67): warning C4996: 'itoa': The POSIX name for this item is deprecated. Instead, use the ISO C++ conformant name: _itoa. See online help for details.
                 C:\Program Files (x86)\Microsoft Visual Studio 12.0\VC\include\stdlib.h(937) : see declaration of 'itoa'
     1>c:\google drive\university\year 2\shot\semester 1\assignment 1 - snail trail game\tweaked versions\5005 shot the snail trail assignment\TimeUtils.h(68): warning C4996: 'itoa': The POSIX name for this item is deprecated. Instead, use the ISO C++ conformant name: _itoa. See online help for details.
                 C:\Program Files (x86)\Microsoft Visual Studio 12.0\VC\include\stdlib.h(937) : see declaration of 'itoa'
     1>Version_2.2.cpp(711): warning C4996: 'getch': The POSIX name for this item is deprecated. Instead, use the ISO C++ conformant name: _getch. See online help for details.
                 C:\Program Files (x86)\Microsoft Visual Studio 12.0\VC\include\conio.h(131) : see declaration of 'getch'
     1>Version_2.2.cpp(713): warning C4996: 'getch': The POSIX name for this item is deprecated. Instead, use the ISO C++ conformant name: _getch. See online help for details.
                 C:\Program Files (x86)\Microsoft Visual Studio 12.0\VC\include\conio.h(131) : see declaration of 'getch'
       Link:
         C:\Program Files (x86)\Microsoft Visual Studio 12.0\VC\bin\link.exe /ERRORREPORT:PROMPT /OUT:"C:\Google Drive\University\Year 2\SHOT\Semester 1\Assignment 1 - Snail Trail Game\Tweaked Versions\Release\5005 SHOT The Snail Trail Assignment.exe" /INCREMENTAL:NO /NOLOGO kernel32.lib user32.lib gdi32.lib winspool.lib comdlg32.lib advapi32.lib shell32.lib ole32.lib oleaut32.lib uuid.lib odbc32.lib odbccp32.lib /MANIFEST /MANIFESTUAC:"level='asInvoker' uiAccess='false'" /manifest:embed /DEBUG /PDB:"C:\Google Drive\University\Year 2\SHOT\Semester 1\Assignment 1 - Snail Trail Game\Tweaked Versions\Release\5005 SHOT The Snail Trail Assignment.pdb" /SUBSYSTEM:CONSOLE /OPT:REF /OPT:ICF /LTCG /TLBID:1 /DYNAMICBASE /NXCOMPAT /IMPLIB:"C:\Google Drive\University\Year 2\SHOT\Semester 1\Assignment 1 - Snail Trail Game\Tweaked Versions\Release\5005 SHOT The Snail Trail Assignment.lib" /MACHINE:X86 /PROFILE /SAFESEH Release\hr_time.obj
         Release\Version_2.2.obj
         Generating code
         Finished generating code
         5005 SHOT The Snail Trail Assignment.vcxproj -> C:\Google Drive\University\Year 2\SHOT\Semester 1\Assignment 1 - Snail Trail Game\Tweaked Versions\Release\5005 SHOT The Snail Trail Assignment.exe
     1>Done Building Project "C:\Google Drive\University\Year 2\SHOT\Semester 1\Assignment 1 - Snail Trail Game\Tweaked Versions\5005 SHOT The Snail Trail Assignment\5005 SHOT The Snail Trail Assignment.vcxproj" (Build target(s)).

Build succeeded.

Time Elapsed 00:00:01.02
